Not searching for unused variables given on the command line.
Build type: Release
[36m--[0m Using CATKIN_DEVEL_PREFIX: /catkin_ws/devel/.private/rangenet_lib
[36m--[0m Using CMAKE_PREFIX_PATH: /home/seonnnu/TensorRT/TensorRT-5.1.5.0/lib
[36m--[0m Found PythonInterp: /usr/bin/python3 (found suitable version "3.8.10", minimum required is "3")
[36m--[0m Using PYTHON_EXECUTABLE: /usr/bin/python3
[36m--[0m Using Debian Python package layout
[36m--[0m Using empy: /usr/lib/python3/dist-packages/em.py
[36m--[0m Using CATKIN_ENABLE_TESTING: ON
[36m--[0m Call enable_testing()
[36m--[0m Using CATKIN_TEST_RESULTS_DIR: /catkin_ws/build/rangenet_lib/test_results
[36m--[0m Forcing gtest/gmock from source, though one was otherwise available.
[36m--[0m Found gtest sources under '/usr/src/googletest': gtests will be built
[36m--[0m Found gmock sources under '/usr/src/googletest': gmock will be built
[36m--[0m Found PythonInterp: /usr/bin/python3 (found version "3.8.10")
[36m--[0m Using Python nosetests: /usr/bin/nosetests3
[36m--[0m catkin 0.8.10
[36m--[0m BUILD_SHARED_LIBS is on
YAML Libs: yaml-cpp
YAML Headers: /usr/lib/x86_64-linux-gnu/cmake/yaml-cpp/../../../../../include
Boost Libs: Boost::program_options;Boost::filesystem
Boost Headers: /usr/include

TensorRT available!
CUDA Libs: /usr/lib/x86_64-linux-gnu/libcudart_static.a;-lpthread;dl;/usr/lib/x86_64-linux-gnu/librt.so
CUDA Headers: /usr/include
NVINFER: /home/seonnnu/suma/TensorRT-5.1.5.0/lib/libnvinfer.so
NVINFERPLUGIN: /home/seonnnu/suma/TensorRT-5.1.5.0/lib/libnvinfer_plugin.so
NVPARSERS: /home/seonnnu/suma/TensorRT-5.1.5.0/lib/libnvparsers.so
NVONNXPARSER: /home/seonnnu/suma/TensorRT-5.1.5.0/lib/libnvonnxparser.so
NVONNXPARSERRUNTIME: /home/seonnnu/suma/TensorRT-5.1.5.0/lib/libnvonnxparser_runtime.so
All togheter now (libs): /usr/lib/x86_64-linux-gnu/libcudart_static.a;-lpthread;dl;/usr/lib/x86_64-linux-gnu/librt.so;nvinfer;nvinfer_plugin;nvparsers;nvonnxparser;nvonnxparser_runtime
All togheter now (inc): /usr/include
TensorRT SUCCESS!

Building TensorRT
Building example...
OpenCV Libs: opencv_core;opencv_viz
OpenCV Headers: /usr/include/opencv4

[36m--[0m Configuring done
[36m--[0m Generating done
[36m--[0m Build files have been written to: /catkin_ws/build/rangenet_lib
