[01m[K/catkin_ws/src/rangenet_lib/src/netTensorRT.cpp:[m[K In constructor ‘[01m[Krangenet::segmentation::NetTensorRT::NetTensorRT(const string&)[m[K’:
[01m[K/catkin_ws/src/rangenet_lib/src/netTensorRT.cpp:36:27:[m[K [01;35m[Kwarning: [m[Kcatching polymorphic type ‘[01m[Kclass std::exception[m[K’ by value [[01;35m[K-Wcatch-value=[m[K]
   36 |   } catch (std::exception [01;35m[Ke[m[K) {
      |                           [01;35m[K^[m[K
/usr/bin/ld: warning: libcudnn.so.7, needed by /usr/lib/gcc/x86_64-linux-gnu/9/../../../../lib/libnvinfer.so, not found (try using -rpath or -rpath-link)
/usr/bin/ld: /usr/lib/gcc/x86_64-linux-gnu/9/../../../../lib/libnvinfer.so: undefined reference to `cudnnCreate@libcudnn.so.7'
/usr/bin/ld: /usr/lib/gcc/x86_64-linux-gnu/9/../../../../lib/libnvinfer.so: undefined reference to `cudnnCreatePoolingDescriptor@libcudnn.so.7'
/usr/bin/ld: /usr/lib/gcc/x86_64-linux-gnu/9/../../../../lib/libnvinfer.so: undefined reference to `cudnnCreateConvolutionDescriptor@libcudnn.so.7'
/usr/bin/ld: /usr/lib/gcc/x86_64-linux-gnu/9/../../../../lib/libnvinfer.so: undefined reference to `cudnnDestroyConvolutionDescriptor@libcudnn.so.7'
/usr/bin/ld: /usr/lib/gcc/x86_64-linux-gnu/9/../../../../lib/libnvinfer.so: undefined reference to `cudnnGetVersion@libcudnn.so.7'
/usr/bin/ld: /usr/lib/gcc/x86_64-linux-gnu/9/../../../../lib/libnvinfer.so: undefined reference to `cudnnSetPooling2dDescriptor@libcudnn.so.7'
/usr/bin/ld: /usr/lib/gcc/x86_64-linux-gnu/9/../../../../lib/libnvinfer.so: undefined reference to `cudnnDestroyFilterDescriptor@libcudnn.so.7'
/usr/bin/ld: /usr/lib/gcc/x86_64-linux-gnu/9/../../../../lib/libnvinfer.so: undefined reference to `cudnnLRNCrossChannelForward@libcudnn.so.7'
/usr/bin/ld: /usr/lib/gcc/x86_64-linux-gnu/9/../../../../lib/libnvinfer.so: undefined reference to `cudnnGetTensor4dDescriptor@libcudnn.so.7'
/usr/bin/ld: /usr/lib/gcc/x86_64-linux-gnu/9/../../../../lib/libnvinfer.so: undefined reference to `cudnnCreateRNNDescriptor@libcudnn.so.7'
/usr/bin/ld: /usr/lib/gcc/x86_64-linux-gnu/9/../../../../lib/libnvinfer.so: undefined reference to `cudnnDestroyRNNDescriptor@libcudnn.so.7'
/usr/bin/ld: /usr/lib/gcc/x86_64-linux-gnu/9/../../../../lib/libnvinfer.so: undefined reference to `cudnnConvolutionBackwardData@libcudnn.so.7'
/usr/bin/ld: /usr/lib/gcc/x86_64-linux-gnu/9/../../../../lib/libnvinfer.so: undefined reference to `cudnnCreateFilterDescriptor@libcudnn.so.7'
/usr/bin/ld: /usr/lib/gcc/x86_64-linux-gnu/9/../../../../lib/libnvinfer.so: undefined reference to `cudnnSetTensor4dDescriptorEx@libcudnn.so.7'
/usr/bin/ld: /usr/lib/gcc/x86_64-linux-gnu/9/../../../../lib/libnvinfer.so: undefined reference to `cudnnDestroyLRNDescriptor@libcudnn.so.7'
/usr/bin/ld: /usr/lib/gcc/x86_64-linux-gnu/9/../../../../lib/libnvinfer.so: undefined reference to `cudnnDestroy@libcudnn.so.7'
/usr/bin/ld: /usr/lib/gcc/x86_64-linux-gnu/9/../../../../lib/libnvinfer.so: undefined reference to `cudnnDropoutGetStatesSize@libcudnn.so.7'
/usr/bin/ld: /usr/lib/gcc/x86_64-linux-gnu/9/../../../../lib/libnvinfer.so: undefined reference to `cudnnGetConvolutionForwardWorkspaceSize@libcudnn.so.7'
/usr/bin/ld: /usr/lib/gcc/x86_64-linux-gnu/9/../../../../lib/libnvinfer.so: undefined reference to `cudnnSetActivationDescriptor@libcudnn.so.7'
/usr/bin/ld: /usr/lib/gcc/x86_64-linux-gnu/9/../../../../lib/libnvinfer.so: undefined reference to `cudnnGetRNNWorkspaceSize@libcudnn.so.7'
/usr/bin/ld: /usr/lib/gcc/x86_64-linux-gnu/9/../../../../lib/libnvinfer.so: undefined reference to `cudnnSetConvolutionGroupCount@libcudnn.so.7'
/usr/bin/ld: /usr/lib/gcc/x86_64-linux-gnu/9/../../../../lib/libnvinfer.so: undefined reference to `cudnnSetTensorNdDescriptor@libcudnn.so.7'
/usr/bin/ld: /usr/lib/gcc/x86_64-linux-gnu/9/../../../../lib/libnvinfer.so: undefined reference to `cudnnAddTensor@libcudnn.so.7'
/usr/bin/ld: /usr/lib/gcc/x86_64-linux-gnu/9/../../../../lib/libnvinfer.so: undefined reference to `cudnnDestroyActivationDescriptor@libcudnn.so.7'
/usr/bin/ld: /usr/lib/gcc/x86_64-linux-gnu/9/../../../../lib/libnvinfer.so: undefined reference to `cudnnGetConvolutionBackwardDataAlgorithmMaxCount@libcudnn.so.7'
/usr/bin/ld: /usr/lib/gcc/x86_64-linux-gnu/9/../../../../lib/libnvinfer.so: undefined reference to `cudnnGetFilterNdDescriptor@libcudnn.so.7'
/usr/bin/ld: /usr/lib/gcc/x86_64-linux-gnu/9/../../../../lib/libnvinfer.so: undefined reference to `cudnnSetLRNDescriptor@libcudnn.so.7'
/usr/bin/ld: /usr/lib/gcc/x86_64-linux-gnu/9/../../../../lib/libnvonnxparser.so: undefined reference to `cudnnBatchNormalizationForwardTraining@libcudnn.so.7'
/usr/bin/ld: /usr/lib/gcc/x86_64-linux-gnu/9/../../../../lib/libnvinfer.so: undefined reference to `cudnnDestroyTensorDescriptor@libcudnn.so.7'
/usr/bin/ld: /usr/lib/gcc/x86_64-linux-gnu/9/../../../../lib/libnvinfer.so: undefined reference to `cudnnDestroyDropoutDescriptor@libcudnn.so.7'
/usr/bin/ld: /usr/lib/gcc/x86_64-linux-gnu/9/../../../../lib/libnvinfer.so: undefined reference to `cudnnCreateTensorDescriptor@libcudnn.so.7'
/usr/bin/ld: /usr/lib/gcc/x86_64-linux-gnu/9/../../../../lib/libnvinfer.so: undefined reference to `cudnnSetStream@libcudnn.so.7'
/usr/bin/ld: /usr/lib/gcc/x86_64-linux-gnu/9/../../../../lib/libnvinfer.so: undefined reference to `cudnnDestroyOpTensorDescriptor@libcudnn.so.7'
/usr/bin/ld: /usr/lib/gcc/x86_64-linux-gnu/9/../../../../lib/libnvinfer.so: undefined reference to `cudnnCreateOpTensorDescriptor@libcudnn.so.7'
/usr/bin/ld: /usr/lib/gcc/x86_64-linux-gnu/9/../../../../lib/libnvinfer.so: undefined reference to `cudnnCreateDropoutDescriptor@libcudnn.so.7'
/usr/bin/ld: /usr/lib/gcc/x86_64-linux-gnu/9/../../../../lib/libnvinfer.so: undefined reference to `cudnnSetFilter4dDescriptor@libcudnn.so.7'
/usr/bin/ld: /usr/lib/gcc/x86_64-linux-gnu/9/../../../../lib/libnvinfer.so: undefined reference to `cudnnDestroyPoolingDescriptor@libcudnn.so.7'
/usr/bin/ld: /usr/lib/gcc/x86_64-linux-gnu/9/../../../../lib/libnvinfer.so: undefined reference to `cudnnCreateActivationDescriptor@libcudnn.so.7'
/usr/bin/ld: /usr/lib/gcc/x86_64-linux-gnu/9/../../../../lib/libnvinfer.so: undefined reference to `cudnnRNNForwardInference@libcudnn.so.7'
/usr/bin/ld: /usr/lib/gcc/x86_64-linux-gnu/9/../../../../lib/libnvinfer.so: undefined reference to `cudnnActivationForward@libcudnn.so.7'
/usr/bin/ld: /usr/lib/gcc/x86_64-linux-gnu/9/../../../../lib/libnvinfer.so: undefined reference to `cudnnGetRNNLinLayerMatrixParams@libcudnn.so.7'
/usr/bin/ld: /usr/lib/gcc/x86_64-linux-gnu/9/../../../../lib/libnvinfer.so: undefined reference to `cudnnGetConvolutionBackwardDataWorkspaceSize@libcudnn.so.7'
/usr/bin/ld: /usr/lib/gcc/x86_64-linux-gnu/9/../../../../lib/libnvinfer.so: undefined reference to `cudnnSetRNNDescriptor@libcudnn.so.7'
/usr/bin/ld: /usr/lib/gcc/x86_64-linux-gnu/9/../../../../lib/libnvinfer.so: undefined reference to `cudnnSetDropoutDescriptor@libcudnn.so.7'
/usr/bin/ld: /usr/lib/gcc/x86_64-linux-gnu/9/../../../../lib/libnvinfer.so: undefined reference to `cudnnSoftmaxForward@libcudnn.so.7'
/usr/bin/ld: /usr/lib/gcc/x86_64-linux-gnu/9/../../../../lib/libnvinfer.so: undefined reference to `cudnnConvolutionForward@libcudnn.so.7'
/usr/bin/ld: /usr/lib/gcc/x86_64-linux-gnu/9/../../../../lib/libnvinfer.so: undefined reference to `cudnnGetRNNLinLayerBiasParams@libcudnn.so.7'
/usr/bin/ld: /usr/lib/gcc/x86_64-linux-gnu/9/../../../../lib/libnvinfer.so: undefined reference to `cudnnSetConvolution2dDescriptor@libcudnn.so.7'
/usr/bin/ld: /usr/lib/gcc/x86_64-linux-gnu/9/../../../../lib/libnvinfer.so: undefined reference to `cudnnSetFilterNdDescriptor@libcudnn.so.7'
/usr/bin/ld: /usr/lib/gcc/x86_64-linux-gnu/9/../../../../lib/libnvinfer.so: undefined reference to `cudnnSetRNNMatrixMathType@libcudnn.so.7'
/usr/bin/ld: /usr/lib/gcc/x86_64-linux-gnu/9/../../../../lib/libnvinfer.so: undefined reference to `cudnnGetErrorString@libcudnn.so.7'
/usr/bin/ld: /usr/lib/gcc/x86_64-linux-gnu/9/../../../../lib/libnvinfer.so: undefined reference to `cudnnGetRNNParamsSize@libcudnn.so.7'
/usr/bin/ld: /usr/lib/gcc/x86_64-linux-gnu/9/../../../../lib/libnvinfer.so: undefined reference to `cudnnSetTensor4dDescriptor@libcudnn.so.7'
/usr/bin/ld: /usr/lib/gcc/x86_64-linux-gnu/9/../../../../lib/libnvinfer.so: undefined reference to `cudnnSetOpTensorDescriptor@libcudnn.so.7'
/usr/bin/ld: /usr/lib/gcc/x86_64-linux-gnu/9/../../../../lib/libnvinfer.so: undefined reference to `cudnnPoolingForward@libcudnn.so.7'
/usr/bin/ld: /usr/lib/gcc/x86_64-linux-gnu/9/../../../../lib/libnvinfer.so: undefined reference to `cudnnCreateLRNDescriptor@libcudnn.so.7'
collect2: error: ld returned 1 exit status
make[2]: *** [CMakeFiles/infer.dir/build.make:93: /catkin_ws/devel/.private/rangenet_lib/lib/rangenet_lib/infer] 오류 1
make[1]: *** [CMakeFiles/Makefile2:200: CMakeFiles/infer.dir/all] 오류 2
make: *** [Makefile:141: all] 오류 2
