Not searching for unused variables given on the command line.
CMake Warning (dev) at /usr/share/cmake-3.16/Modules/FindOpenGL.cmake:275 (message):
  Policy CMP0072 is not set: FindOpenGL prefers GLVND by default when
  available.  Run "cmake --help-policy CMP0072" for policy details.  Use the
  cmake_policy command to set the policy and suppress this warning.

  FindOpenGL found both a legacy GL library:

    OPENGL_gl_LIBRARY: /usr/lib/x86_64-linux-gnu/libGL.so

  and GLVND libraries for OpenGL and GLX:

    OPENGL_opengl_LIBRARY: /usr/lib/x86_64-linux-gnu/libOpenGL.so
    OPENGL_glx_LIBRARY: /usr/lib/x86_64-linux-gnu/libGLX.so

  OpenGL_GL_PREFERENCE has not been set to "GLVND" or "LEGACY", so for
  compatibility with CMake 3.10 and below the legacy GL library will be used.
[36mCall Stack (most recent call first):[0m
  CMakeLists.txt:7 (find_package)
This warning is for project developers.  Use -Wno-dev to suppress it.

[36m--[0m GTSAM include directory:  /usr/local/lib/cmake/GTSAM/../../../include;/usr/include;/usr/local/include/gtsam/3rdparty/Eigen/
[36m--[0m Found OpenCV: /usr (found version "4.2.0")
[36m--[0m Using CATKIN_DEVEL_PREFIX: /catkin_ws/devel/.private/semantic_suma
[36m--[0m Using CMAKE_PREFIX_PATH: /home/seonnnu/suma/GTSAM
[36m--[0m Found PythonInterp: /usr/bin/python3 (found suitable version "3.8.10", minimum required is "3")
[36m--[0m Using PYTHON_EXECUTABLE: /usr/bin/python3
[36m--[0m Using Debian Python package layout
[36m--[0m Found PY_em: /usr/lib/python3/dist-packages/em.py
[36m--[0m Using empy: /usr/lib/python3/dist-packages/em.py
[36m--[0m Using CATKIN_ENABLE_TESTING: ON
[36m--[0m Call enable_testing()
[36m--[0m Using CATKIN_TEST_RESULTS_DIR: /catkin_ws/build/semantic_suma/test_results
[36m--[0m Forcing gtest/gmock from source, though one was otherwise available.
[36m--[0m Found gtest sources under '/usr/src/googletest': gtests will be built
[36m--[0m Found gmock sources under '/usr/src/googletest': gmock will be built
[36m--[0m Found PythonInterp: /usr/bin/python3 (found version "3.8.10")
[36m--[0m Found Threads: TRUE
[36m--[0m Using Python nosetests: /usr/bin/nosetests3
[36m--[0m catkin 0.8.10
[36m--[0m BUILD_SHARED_LIBS is on
[36m--[0m Could NOT find glow (missing: glow_DIR)
[36m--[0m Could NOT find rangenet_lib (missing: rangenet_lib_DIR)
Enabling Nvidia OpenGL extensions.
[31m[1mCMake Error[0m at /catkin_ws/src/semantic_suma/CMakeLists.txt:63 (COMPILE_SHADERS):
  Unknown CMake command "COMPILE_SHADERS".


[36m--[0m Using OpenGL version 430.
[36m--[0m Configuring incomplete, errors occurred!
See also "/catkin_ws/build/semantic_suma/CMakeFiles/CMakeOutput.log".
See also "/catkin_ws/build/semantic_suma/CMakeFiles/CMakeError.log".
