In file included from [01m[K/usr/local/include/gtsam/base/types.h:31[m[K,
                 from [01m[K/usr/local/include/gtsam/global_includes.h:22[m[K,
                 from [01m[K/usr/local/include/gtsam/base/Vector.h:27[m[K,
                 from [01m[K/usr/local/include/gtsam/base/Matrix.h:26[m[K,
                 from [01m[K/usr/local/include/gtsam/linear/NoiseModel.h:22[m[K,
                 from [01m[K/catkin_ws/src/semantic_suma/src/core/Posegraph.h:4[m[K,
                 from [01m[K/catkin_ws/src/semantic_suma/src/core/Posegraph.cpp:1[m[K:
[01m[K/usr/include/tbb/task_scheduler_init.h:21:154:[m[K [01;36m[Knote: [m[K#pragma message: TBB Warning: tbb/task_scheduler_init.h is deprecated. For details, please see Deprecated Features appendix in the TBB reference manual.
   21 | #pragma message("TBB Warning: tbb/task_scheduler_init.h is deprecated. For details, please see Deprecated Features appendix in the TBB reference manual."[01;36m[K)[m[K
      |                                                                                                                                                          [01;36m[K^[m[K
In file included from [01m[K/usr/local/include/gtsam/base/types.h:31[m[K,
                 from [01m[K/usr/local/include/gtsam/global_includes.h:22[m[K,
                 from [01m[K/usr/local/include/gtsam/base/Vector.h:27[m[K,
                 from [01m[K/usr/local/include/gtsam/base/Matrix.h:26[m[K,
                 from [01m[K/usr/local/include/gtsam/linear/NoiseModel.h:22[m[K,
                 from [01m[K/catkin_ws/src/semantic_suma/src/core/Posegraph.h:4[m[K,
                 from [01m[K/catkin_ws/src/semantic_suma/src/core/SurfelMapping.h:21[m[K,
                 from [01m[K/catkin_ws/src/semantic_suma/src/core/SurfelMapping.cpp:1[m[K:
[01m[K/usr/include/tbb/task_scheduler_init.h:21:154:[m[K [01;36m[Knote: [m[K#pragma message: TBB Warning: tbb/task_scheduler_init.h is deprecated. For details, please see Deprecated Features appendix in the TBB reference manual.
   21 | #pragma message("TBB Warning: tbb/task_scheduler_init.h is deprecated. For details, please see Deprecated Features appendix in the TBB reference manual."[01;36m[K)[m[K
      |                                                                                                                                                          [01;36m[K^[m[K
In file included from [01m[K/usr/local/include/gtsam/geometry/Unit3.h:36[m[K,
                 from [01m[K/usr/local/include/gtsam/geometry/Rot3.h:25[m[K,
                 from [01m[K/usr/local/include/gtsam/geometry/Pose3.h:24[m[K,
                 from [01m[K/catkin_ws/src/semantic_suma/src/core/Posegraph.cpp:3[m[K:
[01m[K/usr/include/tbb/mutex.h:21:140:[m[K [01;36m[Knote: [m[K#pragma message: TBB Warning: tbb/mutex.h is deprecated. For details, please see Deprecated Features appendix in the TBB reference manual.
   21 | #pragma message("TBB Warning: tbb/mutex.h is deprecated. For details, please see Deprecated Features appendix in the TBB reference manual."[01;36m[K)[m[K
      |                                                                                                                                            [01;36m[K^[m[K
[01m[K/catkin_ws/src/semantic_suma/src/util/kitti_utils.cpp:[m[K In function ‘[01m[Kvoid KITTI::Odometry::plotErrorPlots(const string&, char*)[m[K’:
[01m[K/catkin_ws/src/semantic_suma/src/util/kitti_utils.cpp:411:30:[m[K [01;35m[Kwarning: [m[K‘[01m[K__builtin___sprintf_chk[m[K’ may write a terminating nul past the end of the destination [[01;35m[K-Wformat-overflow=[m[K]
  411 |     sprintf(full_name, "%s/%s[01;35m[K"[m[K, dir.c_str(), file_name);
      |                              [01;35m[K^[m[K
In file included from [01m[K/usr/include/stdio.h:867[m[K,
                 from [01m[K/usr/include/c++/9/cstdio:42[m[K,
                 from [01m[K/usr/include/c++/9/ext/string_conversions.h:43[m[K,
                 from [01m[K/usr/include/c++/9/bits/basic_string.h:6496[m[K,
                 from [01m[K/usr/include/c++/9/string:55[m[K,
                 from [01m[K/catkin_ws/src/semantic_suma/src/util/kitti_utils.h:4[m[K,
                 from [01m[K/catkin_ws/src/semantic_suma/src/util/kitti_utils.cpp:1[m[K:
[01m[K/usr/include/x86_64-linux-gnu/bits/stdio2.h:36:34:[m[K [01;36m[Knote: [m[K‘[01m[K__builtin___sprintf_chk[m[K’ output 2 or more bytes (assuming 1025) into a destination of size 1024
   36 |   return [01;36m[K__builtin___sprintf_chk (__s, __USE_FORTIFY_LEVEL - 1,[m[K
      |          [01;36m[K~~~~~~~~~~~~~~~~~~~~~~~~^~~~~~~~~~~~~~~~~~~~~~~~~~~~~~[m[K
   37 | [01;36m[K      __bos (__s), __fmt, __va_arg_pack ())[m[K;
      |       [01;36m[K~~~~~~~~~~~~~~~~~~~~~~~~~~~~~~~~~~~~~[m[K
[01m[K/catkin_ws/src/semantic_suma/src/util/kitti_utils.cpp:465:40:[m[K [01;35m[Kwarning: [m[K‘[01m[K%s[m[K’ directive writing up to 1023 bytes into a region of size 1011 [[01;35m[K-Wformat-overflow=[m[K]
  465 |       sprintf(command, "cd %s; gnuplot [01;35m[K%s[m[K", dir.c_str(), [32m[Kfile_name[m[K);
      |                                        [01;35m[K^~[m[K                [32m[K~~~~~~~~~[m[K
In file included from [01m[K/usr/include/stdio.h:867[m[K,
                 from [01m[K/usr/include/c++/9/cstdio:42[m[K,
                 from [01m[K/usr/include/c++/9/ext/string_conversions.h:43[m[K,
                 from [01m[K/usr/include/c++/9/bits/basic_string.h:6496[m[K,
                 from [01m[K/usr/include/c++/9/string:55[m[K,
                 from [01m[K/catkin_ws/src/semantic_suma/src/util/kitti_utils.h:4[m[K,
                 from [01m[K/catkin_ws/src/semantic_suma/src/util/kitti_utils.cpp:1[m[K:
[01m[K/usr/include/x86_64-linux-gnu/bits/stdio2.h:36:34:[m[K [01;36m[Knote: [m[K‘[01m[K__builtin___sprintf_chk[m[K’ output 14 or more bytes (assuming 1037) into a destination of size 1024
   36 |   return [01;36m[K__builtin___sprintf_chk (__s, __USE_FORTIFY_LEVEL - 1,[m[K
      |          [01;36m[K~~~~~~~~~~~~~~~~~~~~~~~~^~~~~~~~~~~~~~~~~~~~~~~~~~~~~~[m[K
   37 | [01;36m[K      __bos (__s), __fmt, __va_arg_pack ())[m[K;
      |       [01;36m[K~~~~~~~~~~~~~~~~~~~~~~~~~~~~~~~~~~~~~[m[K
In file included from [01m[K/usr/local/include/gtsam/base/types.h:31[m[K,
                 from [01m[K/usr/local/include/gtsam/global_includes.h:22[m[K,
                 from [01m[K/usr/local/include/gtsam/base/Vector.h:27[m[K,
                 from [01m[K/usr/local/include/gtsam/base/Matrix.h:26[m[K,
                 from [01m[K/usr/local/include/gtsam/linear/NoiseModel.h:22[m[K,
                 from [01m[K/catkin_ws/src/semantic_suma/src/core/Posegraph.h:4[m[K,
                 from [01m[K/catkin_ws/src/semantic_suma/src/visualizer/ViewportWidget.h:26[m[K,
                 from [01m[K/catkin_ws/build/semantic_suma/visualizer_autogen/CI5EROZWVQ/moc_ViewportWidget.cpp:9[m[K,
                 from [01m[K/catkin_ws/build/semantic_suma/visualizer_autogen/mocs_compilation.cpp:3[m[K:
[01m[K/usr/include/tbb/task_scheduler_init.h:21:154:[m[K [01;36m[Knote: [m[K#pragma message: TBB Warning: tbb/task_scheduler_init.h is deprecated. For details, please see Deprecated Features appendix in the TBB reference manual.
   21 | #pragma message("TBB Warning: tbb/task_scheduler_init.h is deprecated. For details, please see Deprecated Features appendix in the TBB reference manual."[01;36m[K)[m[K
      |                                                                                                                                                          [01;36m[K^[m[K
In file included from [01m[K/usr/local/include/gtsam/base/types.h:31[m[K,
                 from [01m[K/usr/local/include/gtsam/global_includes.h:22[m[K,
                 from [01m[K/usr/local/include/gtsam/base/Vector.h:27[m[K,
                 from [01m[K/usr/local/include/gtsam/base/Matrix.h:26[m[K,
                 from [01m[K/usr/local/include/gtsam/linear/NoiseModel.h:22[m[K,
                 from [01m[K/catkin_ws/src/semantic_suma/src/core/Posegraph.h:4[m[K,
                 from [01m[K/catkin_ws/src/semantic_suma/src/core/SurfelMapping.h:21[m[K,
                 from [01m[K/catkin_ws/src/semantic_suma/src/visualizer/visualizer.cpp:2[m[K:
[01m[K/usr/include/tbb/task_scheduler_init.h:21:154:[m[K [01;36m[Knote: [m[K#pragma message: TBB Warning: tbb/task_scheduler_init.h is deprecated. For details, please see Deprecated Features appendix in the TBB reference manual.
   21 | #pragma message("TBB Warning: tbb/task_scheduler_init.h is deprecated. For details, please see Deprecated Features appendix in the TBB reference manual."[01;36m[K)[m[K
      |                                                                                                                                                          [01;36m[K^[m[K
In file included from [01m[K/usr/local/include/gtsam/base/types.h:31[m[K,
                 from [01m[K/usr/local/include/gtsam/global_includes.h:22[m[K,
                 from [01m[K/usr/local/include/gtsam/base/Vector.h:27[m[K,
                 from [01m[K/usr/local/include/gtsam/base/Matrix.h:26[m[K,
                 from [01m[K/usr/local/include/gtsam/linear/NoiseModel.h:22[m[K,
                 from [01m[K/catkin_ws/src/semantic_suma/src/core/Posegraph.h:4[m[K,
                 from [01m[K/catkin_ws/src/semantic_suma/src/visualizer/ViewportWidget.h:26[m[K,
                 from [01m[K/catkin_ws/src/semantic_suma/src/visualizer/ViewportWidget.cpp:10[m[K:
[01m[K/usr/include/tbb/task_scheduler_init.h:21:154:[m[K [01;36m[Knote: [m[K#pragma message: TBB Warning: tbb/task_scheduler_init.h is deprecated. For details, please see Deprecated Features appendix in the TBB reference manual.
   21 | #pragma message("TBB Warning: tbb/task_scheduler_init.h is deprecated. For details, please see Deprecated Features appendix in the TBB reference manual."[01;36m[K)[m[K
      |                                                                                                                                                          [01;36m[K^[m[K
In file included from [01m[K/usr/local/include/gtsam/base/types.h:31[m[K,
                 from [01m[K/usr/local/include/gtsam/global_includes.h:22[m[K,
                 from [01m[K/usr/local/include/gtsam/base/Vector.h:27[m[K,
                 from [01m[K/usr/local/include/gtsam/base/Matrix.h:26[m[K,
                 from [01m[K/usr/local/include/gtsam/linear/NoiseModel.h:22[m[K,
                 from [01m[K/catkin_ws/src/semantic_suma/src/core/Posegraph.h:4[m[K,
                 from [01m[K/catkin_ws/src/semantic_suma/src/core/SurfelMapping.h:21[m[K,
                 from [01m[K/catkin_ws/src/semantic_suma/src/visualizer/VisualizerWindow.h:4[m[K,
                 from [01m[K/catkin_ws/src/semantic_suma/src/visualizer/VisualizerWindow.cpp:1[m[K:
[01m[K/usr/include/tbb/task_scheduler_init.h:21:154:[m[K [01;36m[Knote: [m[K#pragma message: TBB Warning: tbb/task_scheduler_init.h is deprecated. For details, please see Deprecated Features appendix in the TBB reference manual.
   21 | #pragma message("TBB Warning: tbb/task_scheduler_init.h is deprecated. For details, please see Deprecated Features appendix in the TBB reference manual."[01;36m[K)[m[K
      |                                                                                                                                                          [01;36m[K^[m[K
